# JRE version: OpenJDK Runtime Environment (11.0.18+10) (build 11.0.18+10-post-Debian-1deb11u1)
# Java VM: OpenJDK 64-Bit Server VM (11.0.18+10-post-Debian-1deb11u1, mixed mode, sharing, tiered, compressed oops, parallel gc, linux-amd64)
Heap:
 PSYoungGen      total 24064K, used 13176K [0x00000000eab00000, 0x00000000ec600000, 0x0000000100000000)
  eden space 21504K, 49% used [0x00000000eab00000,0x00000000eb563028,0x00000000ec000000)
  from space 2560K, 99% used [0x00000000ec000000,0x00000000ec27b348,0x00000000ec280000)
  to   space 3072K, 0% used [0x00000000ec300000,0x00000000ec300000,0x00000000ec600000)
 ParOldGen       total 68608K, used 41468K [0x00000000c0000000, 0x00000000c4300000, 0x00000000eab00000)
  object space 68608K, 60% used [0x00000000c0000000,0x00000000c287f3f0,0x00000000c4300000)
 Metaspace       used 44129K, capacity 46569K, committed 46896K, reserved 1091584K
  class space    used 4603K, capacity 5466K, committed 5504K, reserved 1048576K
GC Heap History (20 events):
Event: 14.899 GC heap before
{Heap before GC invocations=10 (full 2):
 PSYoungGen      total 28160K, used 25088K [0x00000000eab00000, 0x00000000ecf80000, 0x0000000100000000)
  eden space 25088K, 100% used [0x00000000eab00000,0x00000000ec380000,0x00000000ec380000)
  from space 3072K, 0% used [0x00000000ec480000,0x00000000ec480000,0x00000000ec780000)
  to   space 6144K, 0% used [0x00000000ec980000,0x00000000ec980000,0x00000000ecf80000)
 ParOldGen       total 68608K, used 15531K [0x00000000c0000000, 0x00000000c4300000, 0x00000000eab00000)
  object space 68608K, 22% used [0x00000000c0000000,0x00000000c0f2ae60,0x00000000c4300000)
 Metaspace       used 38576K, capacity 41069K, committed 41392K, reserved 1085440K
  class space    used 4158K, capacity 5023K, committed 5120K, reserved 1048576K
}
Event: 14.908 GC heap after
{Heap after GC invocations=10 (full 2):
 PSYoungGen      total 28160K, used 3482K [0x00000000eab00000, 0x00000000ecd00000, 0x0000000100000000)
  eden space 24576K, 0% used [0x00000000eab00000,0x00000000eab00000,0x00000000ec300000)
  from space 3584K, 97% used [0x00000000ec980000,0x00000000ecce6aa8,0x00000000ecd00000)
  to   space 4608K, 0% used [0x00000000ec400000,0x00000000ec400000,0x00000000ec880000)
 ParOldGen       total 68608K, used 15539K [0x00000000c0000000, 0x00000000c4300000, 0x00000000eab00000)
  object space 68608K, 22% used [0x00000000c0000000,0x00000000c0f2ce60,0x00000000c4300000)
 Metaspace       used 38576K, capacity 41069K, committed 41392K, reserved 1085440K
  class space    used 4158K, capacity 5023K, committed 5120K, reserved 1048576K
}
Event: 15.231 GC heap before
{Heap before GC invocations=11 (full 2):
 PSYoungGen      total 28160K, used 28058K [0x00000000eab00000, 0x00000000ecd00000, 0x0000000100000000)
  eden space 24576K, 100% used [0x00000000eab00000,0x00000000ec300000,0x00000000ec300000)
  from space 3584K, 97% used [0x00000000ec980000,0x00000000ecce6aa8,0x00000000ecd00000)
  to   space 4608K, 0% used [0x00000000ec400000,0x00000000ec400000,0x00000000ec880000)
 ParOldGen       total 68608K, used 15539K [0x00000000c0000000, 0x00000000c4300000, 0x00000000eab00000)
  object space 68608K, 22% used [0x00000000c0000000,0x00000000c0f2ce60,0x00000000c4300000)
 Metaspace       used 39524K, capacity 42015K, committed 42160K, reserved 1087488K
  class space    used 4267K, capacity 5104K, committed 5120K, reserved 1048576K
}
Event: 15.299 GC heap after
{Heap after GC invocations=11 (full 2):
 PSYoungGen      total 28672K, used 4602K [0x00000000eab00000, 0x00000000ece80000, 0x0000000100000000)
  eden space 24064K, 0% used [0x00000000eab00000,0x00000000eab00000,0x00000000ec280000)
  from space 4608K, 99% used [0x00000000ec400000,0x00000000ec87ea88,0x00000000ec880000)
  to   space 6144K, 0% used [0x00000000ec880000,0x00000000ec880000,0x00000000ece80000)
 ParOldGen       total 68608K, used 16602K [0x00000000c0000000, 0x00000000c4300000, 0x00000000eab00000)
  object space 68608K, 24% used [0x00000000c0000000,0x00000000c10369e0,0x00000000c4300000)
 Metaspace       used 39524K, capacity 42015K, committed 42160K, reserved 1087488K
  class space    used 4267K, capacity 5104K, committed 5120K, reserved 1048576K
}
Event: 15.541 GC heap before
{Heap before GC invocations=12 (full 2):
 PSYoungGen      total 28672K, used 28666K [0x00000000eab00000, 0x00000000ece80000, 0x0000000100000000)
  eden space 24064K, 99% used [0x00000000eab00000,0x00000000ec27fff0,0x00000000ec280000)
  from space 4608K, 99% used [0x00000000ec400000,0x00000000ec87ea88,0x00000000ec880000)
  to   space 6144K, 0% used [0x00000000ec880000,0x00000000ec880000,0x00000000ece80000)
 ParOldGen       total 68608K, used 16602K [0x00000000c0000000, 0x00000000c4300000, 0x00000000eab00000)
  object space 68608K, 24% used [0x00000000c0000000,0x00000000c10369e0,0x00000000c4300000)
 Metaspace       used 39797K, capacity 42367K, committed 42544K, reserved 1087488K
  class space    used 4296K, capacity 5200K, committed 5248K, reserved 1048576K
}
Event: 15.605 GC heap after
{Heap after GC invocations=12 (full 2):
 PSYoungGen      total 28672K, used 4792K [0x00000000eab00000, 0x00000000ecd80000, 0x0000000100000000)
  eden space 23552K, 0% used [0x00000000eab00000,0x00000000eab00000,0x00000000ec200000)
  from space 5120K, 93% used [0x00000000ec880000,0x00000000ecd2e2d8,0x00000000ecd80000)
  to   space 5120K, 0% used [0x00000000ec380000,0x00000000ec380000,0x00000000ec880000)
 ParOldGen       total 68608K, used 19166K [0x00000000c0000000, 0x00000000c4300000, 0x00000000eab00000)
  object space 68608K, 27% used [0x00000000c0000000,0x00000000c12b7b90,0x00000000c4300000)
 Metaspace       used 39797K, capacity 42367K, committed 42544K, reserved 1087488K
  class space    used 4296K, capacity 5200K, committed 5248K, reserved 1048576K
}
Event: 15.901 GC heap before
{Heap before GC invocations=13 (full 2):
 PSYoungGen      total 28672K, used 28344K [0x00000000eab00000, 0x00000000ecd80000, 0x0000000100000000)
  eden space 23552K, 100% used [0x00000000eab00000,0x00000000ec200000,0x00000000ec200000)
  from space 5120K, 93% used [0x00000000ec880000,0x00000000ecd2e2d8,0x00000000ecd80000)
  to   space 5120K, 0% used [0x00000000ec380000,0x00000000ec380000,0x00000000ec880000)
 ParOldGen       total 68608K, used 19166K [0x00000000c0000000, 0x00000000c4300000, 0x00000000eab00000)
  object space 68608K, 27% used [0x00000000c0000000,0x00000000c12b7b90,0x00000000c4300000)
 Metaspace       used 40196K, capacity 42726K, committed 43056K, reserved 1087488K
  class space    used 4342K, capacity 5234K, committed 5248K, reserved 1048576K
}
Event: 15.931 GC heap after
{Heap after GC invocations=13 (full 2):
 PSYoungGen      total 26112K, used 2635K [0x00000000eab00000, 0x00000000ec900000, 0x0000000100000000)
  eden space 23040K, 0% used [0x00000000eab00000,0x00000000eab00000,0x00000000ec180000)
  from space 3072K, 85% used [0x00000000ec380000,0x00000000ec612d30,0x00000000ec680000)
  to   space 2560K, 0% used [0x00000000ec680000,0x00000000ec680000,0x00000000ec900000)
 ParOldGen       total 68608K, used 23916K [0x00000000c0000000, 0x00000000c4300000, 0x00000000eab00000)
  object space 68608K, 34% used [0x00000000c0000000,0x00000000c175b1d0,0x00000000c4300000)
 Metaspace       used 40196K, capacity 42726K, committed 43056K, reserved 1087488K
  class space    used 4342K, capacity 5234K, committed 5248K, reserved 1048576K
}
Event: 16.118 GC heap before
{Heap before GC invocations=14 (full 2):
 PSYoungGen      total 26112K, used 25675K [0x00000000eab00000, 0x00000000ec900000, 0x0000000100000000)
  eden space 23040K, 100% used [0x00000000eab00000,0x00000000ec180000,0x00000000ec180000)
  from space 3072K, 85% used [0x00000000ec380000,0x00000000ec612d30,0x00000000ec680000)
  to   space 2560K, 0% used [0x00000000ec680000,0x00000000ec680000,0x00000000ec900000)
 ParOldGen       total 68608K, used 23916K [0x00000000c0000000, 0x00000000c4300000, 0x00000000eab00000)
  object space 68608K, 34% used [0x00000000c0000000,0x00000000c175b1d0,0x00000000c4300000)
 Metaspace       used 40202K, capacity 42726K, committed 43056K, reserved 1087488K
  class space    used 4342K, capacity 5234K, committed 5248K, reserved 1048576K
}
Event: 16.191 GC heap after
{Heap after GC invocations=14 (full 2):
 PSYoungGen      total 24576K, used 2528K [0x00000000eab00000, 0x00000000ecd00000, 0x0000000100000000)
  eden space 22016K, 0% used [0x00000000eab00000,0x00000000eab00000,0x00000000ec080000)
  from space 2560K, 98% used [0x00000000ec680000,0x00000000ec8f8010,0x00000000ec900000)
  to   space 6144K, 0% used [0x00000000ec080000,0x00000000ec080000,0x00000000ec680000)
 ParOldGen       total 68608K, used 26577K [0x00000000c0000000, 0x00000000c4300000, 0x00000000eab00000)
  object space 68608K, 38% used [0x00000000c0000000,0x00000000c19f4428,0x00000000c4300000)
 Metaspace       used 40202K, capacity 42726K, committed 43056K, reserved 1087488K
  class space    used 4342K, capacity 5234K, committed 5248K, reserved 1048576K
}
Event: 16.389 GC heap before
{Heap before GC invocations=15 (full 2):
 PSYoungGen      total 24576K, used 24544K [0x00000000eab00000, 0x00000000ecd00000, 0x0000000100000000)
  eden space 22016K, 100% used [0x00000000eab00000,0x00000000ec080000,0x00000000ec080000)
  from space 2560K, 98% used [0x00000000ec680000,0x00000000ec8f8010,0x00000000ec900000)
  to   space 6144K, 0% used [0x00000000ec080000,0x00000000ec080000,0x00000000ec680000)
 ParOldGen       total 68608K, used 26577K [0x00000000c0000000, 0x00000000c4300000, 0x00000000eab00000)
  object space 68608K, 38% used [0x00000000c0000000,0x00000000c19f4428,0x00000000c4300000)
 Metaspace       used 40726K, capacity 43270K, committed 43696K, reserved 1087488K
  class space    used 4380K, capacity 5266K, committed 5376K, reserved 1048576K
}
Event: 16.401 GC heap after
{Heap after GC invocations=15 (full 2):
 PSYoungGen      total 24576K, used 2304K [0x00000000eab00000, 0x00000000ec780000, 0x0000000100000000)
  eden space 22016K, 0% used [0x00000000eab00000,0x00000000eab00000,0x00000000ec080000)
  from space 2560K, 90% used [0x00000000ec080000,0x00000000ec2c0000,0x00000000ec300000)
  to   space 3584K, 0% used [0x00000000ec400000,0x00000000ec400000,0x00000000ec780000)
 ParOldGen       total 68608K, used 29089K [0x00000000c0000000, 0x00000000c4300000, 0x00000000eab00000)
  object space 68608K, 42% used [0x00000000c0000000,0x00000000c1c68438,0x00000000c4300000)
 Metaspace       used 40726K, capacity 43270K, committed 43696K, reserved 1087488K
  class space    used 4380K, capacity 5266K, committed 5376K, reserved 1048576K
}
Event: 16.727 GC heap before
{Heap before GC invocations=16 (full 2):
 PSYoungGen      total 24576K, used 24320K [0x00000000eab00000, 0x00000000ec780000, 0x0000000100000000)
  eden space 22016K, 100% used [0x00000000eab00000,0x00000000ec080000,0x00000000ec080000)
  from space 2560K, 90% used [0x00000000ec080000,0x00000000ec2c0000,0x00000000ec300000)
  to   space 3584K, 0% used [0x00000000ec400000,0x00000000ec400000,0x00000000ec780000)
 ParOldGen       total 68608K, used 29089K [0x00000000c0000000, 0x00000000c4300000, 0x00000000eab00000)
  object space 68608K, 42% used [0x00000000c0000000,0x00000000c1c68438,0x00000000c4300000)
 Metaspace       used 40964K, capacity 43538K, committed 43952K, reserved 1087488K
  class space    used 4396K, capacity 5270K, committed 5376K, reserved 1048576K
}
Event: 16.791 GC heap after
{Heap after GC invocations=16 (full 2):
 PSYoungGen      total 25088K, used 3395K [0x00000000eab00000, 0x00000000ec880000, 0x0000000100000000)
  eden space 21504K, 0% used [0x00000000eab00000,0x00000000eab00000,0x00000000ec000000)
  from space 3584K, 94% used [0x00000000ec400000,0x00000000ec750ff0,0x00000000ec780000)
  to   space 4096K, 0% used [0x00000000ec000000,0x00000000ec000000,0x00000000ec400000)
 ParOldGen       total 68608K, used 31336K [0x00000000c0000000, 0x00000000c4300000, 0x00000000eab00000)
  object space 68608K, 45% used [0x00000000c0000000,0x00000000c1e9a340,0x00000000c4300000)
 Metaspace       used 40964K, capacity 43538K, committed 43952K, reserved 1087488K
  class space    used 4396K, capacity 5270K, committed 5376K, reserved 1048576K
}
Event: 17.333 GC heap before
{Heap before GC invocations=17 (full 2):
 PSYoungGen      total 25088K, used 24899K [0x00000000eab00000, 0x00000000ec880000, 0x0000000100000000)
  eden space 21504K, 100% used [0x00000000eab00000,0x00000000ec000000,0x00000000ec000000)
  from space 3584K, 94% used [0x00000000ec400000,0x00000000ec750ff0,0x00000000ec780000)
  to   space 4096K, 0% used [0x00000000ec000000,0x00000000ec000000,0x00000000ec400000)
 ParOldGen       total 68608K, used 31336K [0x00000000c0000000, 0x00000000c4300000, 0x00000000eab00000)
  object space 68608K, 45% used [0x00000000c0000000,0x00000000c1e9a340,0x00000000c4300000)
 Metaspace       used 41627K, capacity 44139K, committed 44464K, reserved 1089536K
  class space    used 4441K, capacity 5276K, committed 5376K, reserved 1048576K
}
Event: 17.404 GC heap after
{Heap after GC invocations=17 (full 2):
 PSYoungGen      total 25600K, used 3828K [0x00000000eab00000, 0x00000000ec800000, 0x0000000100000000)
  eden space 21504K, 0% used [0x00000000eab00000,0x00000000eab00000,0x00000000ec000000)
  from space 4096K, 93% used [0x00000000ec000000,0x00000000ec3bd380,0x00000000ec400000)
  to   space 4096K, 0% used [0x00000000ec400000,0x00000000ec400000,0x00000000ec800000)
 ParOldGen       total 68608K, used 34672K [0x00000000c0000000, 0x00000000c4300000, 0x00000000eab00000)
  object space 68608K, 50% used [0x00000000c0000000,0x00000000c21dc0e8,0x00000000c4300000)
 Metaspace       used 41627K, capacity 44139K, committed 44464K, reserved 1089536K
  class space    used 4441K, capacity 5276K, committed 5376K, reserved 1048576K
}
Event: 17.897 GC heap before
{Heap before GC invocations=18 (full 2):
 PSYoungGen      total 25600K, used 25332K [0x00000000eab00000, 0x00000000ec800000, 0x0000000100000000)
  eden space 21504K, 100% used [0x00000000eab00000,0x00000000ec000000,0x00000000ec000000)
  from space 4096K, 93% used [0x00000000ec000000,0x00000000ec3bd380,0x00000000ec400000)
  to   space 4096K, 0% used [0x00000000ec400000,0x00000000ec400000,0x00000000ec800000)
 ParOldGen       total 68608K, used 34672K [0x00000000c0000000, 0x00000000c4300000, 0x00000000eab00000)
  object space 68608K, 50% used [0x00000000c0000000,0x00000000c21dc0e8,0x00000000c4300000)
 Metaspace       used 42660K, capacity 45118K, committed 45232K, reserved 1089536K
  class space    used 4519K, capacity 5366K, committed 5376K, reserved 1048576K
}
Event: 17.914 GC heap after
{Heap after GC invocations=18 (full 2):
 PSYoungGen      total 25600K, used 3507K [0x00000000eab00000, 0x00000000ec800000, 0x0000000100000000)
  eden space 21504K, 0% used [0x00000000eab00000,0x00000000eab00000,0x00000000ec000000)
  from space 4096K, 85% used [0x00000000ec400000,0x00000000ec76ce68,0x00000000ec800000)
  to   space 4096K, 0% used [0x00000000ec000000,0x00000000ec000000,0x00000000ec400000)
 ParOldGen       total 68608K, used 38318K [0x00000000c0000000, 0x00000000c4300000, 0x00000000eab00000)
  object space 68608K, 55% used [0x00000000c0000000,0x00000000c256bac0,0x00000000c4300000)
 Metaspace       used 42660K, capacity 45118K, committed 45232K, reserved 1089536K
  class space    used 4519K, capacity 5366K, committed 5376K, reserved 1048576K
}
Event: 18.129 GC heap before
{Heap before GC invocations=19 (full 2):
 PSYoungGen      total 25600K, used 25011K [0x00000000eab00000, 0x00000000ec800000, 0x0000000100000000)
  eden space 21504K, 100% used [0x00000000eab00000,0x00000000ec000000,0x00000000ec000000)
  from space 4096K, 85% used [0x00000000ec400000,0x00000000ec76ce68,0x00000000ec800000)
  to   space 4096K, 0% used [0x00000000ec000000,0x00000000ec000000,0x00000000ec400000)
 ParOldGen       total 68608K, used 38318K [0x00000000c0000000, 0x00000000c4300000, 0x00000000eab00000)
  object space 68608K, 55% used [0x00000000c0000000,0x00000000c256bb48,0x00000000c4300000)
 Metaspace       used 43597K, capacity 46020K, committed 46128K, reserved 1089536K
  class space    used 4582K, capacity 5432K, committed 5504K, reserved 1048576K
}
Event: 18.189 GC heap after
{Heap after GC invocations=19 (full 2):
 PSYoungGen      total 24064K, used 2540K [0x00000000eab00000, 0x00000000ec600000, 0x0000000100000000)
  eden space 21504K, 0% used [0x00000000eab00000,0x00000000eab00000,0x00000000ec000000)
  from space 2560K, 99% used [0x00000000ec000000,0x00000000ec27b348,0x00000000ec280000)
  to   space 3072K, 0% used [0x00000000ec300000,0x00000000ec300000,0x00000000ec600000)
 ParOldGen       total 68608K, used 41468K [0x00000000c0000000, 0x00000000c4300000, 0x00000000eab00000)
  object space 68608K, 60% used [0x00000000c0000000,0x00000000c287f3f0,0x00000000c4300000)
 Metaspace       used 43597K, capacity 46020K, committed 46128K, reserved 1089536K
  class space    used 4582K, capacity 5432K, committed 5504K, reserved 1048576K
}

